Flow report for divFreqCont
Fri May 11 08:50:51 2018
Quartus II 32-bit Version 12.1 Build 177 11/07/2012 SJ Web Edition


---------------------
; Table of Contents ;
---------------------
  1. Legal Notice
  2. Flow Summary
  3. Flow Settings
  4. Flow Non-Default Global Settings
  5. Flow Elapsed Time
  6. Flow OS Summary
  7. Flow Log



----------------
; Legal Notice ;
----------------
Copyright (C) 1991-2012 Altera Corporation
Your use of Altera Corporation's design tools, logic functions 
and other software and tools, and its AMPP partner logic 
functions, and any output files from any of the foregoing 
(including device programming or simulation files), and any 
associated documentation or information are expressly subject 
to the terms and conditions of the Altera Program License 
Subscription Agreement, Altera MegaCore Function License 
Agreement, or other applicable license agreement, including, 
without limitation, that your use is for the sole purpose of 
programming logic devices manufactured by Altera and sold by 
Altera or its authorized distributors.  Please refer to the 
applicable agreement for further details.



+-------------------------------------------------------------------------------+
; Flow Summary                                                                  ;
+------------------------------------+------------------------------------------+
; Flow Status                        ; Successful - Fri May 11 08:50:47 2018    ;
; Quartus II 32-bit Version          ; 12.1 Build 177 11/07/2012 SJ Web Edition ;
; Revision Name                      ; divFreqCont                              ;
; Top-level Entity Name              ; Cronometro                               ;
; Family                             ; Cyclone II                               ;
; Device                             ; EP2C5F256C8                              ;
; Timing Models                      ; Final                                    ;
; Total logic elements               ; 55 / 4,608 ( 1 % )                       ;
;     Total combinational functions  ; 55 / 4,608 ( 1 % )                       ;
;     Dedicated logic registers      ; 37 / 4,608 ( < 1 % )                     ;
; Total registers                    ; 37                                       ;
; Total pins                         ; 7 / 158 ( 4 % )                          ;
; Total virtual pins                 ; 0                                        ;
; Total memory bits                  ; 0 / 119,808 ( 0 % )                      ;
; Embedded Multiplier 9-bit elements ; 0 / 26 ( 0 % )                           ;
; Total PLLs                         ; 0 / 2 ( 0 % )                            ;
+------------------------------------+------------------------------------------+


+-----------------------------------------+
; Flow Settings                           ;
+-------------------+---------------------+
; Option            ; Setting             ;
+-------------------+---------------------+
; Start date & time ; 05/11/2018 08:50:31 ;
; Main task         ; Compilation         ;
; Revision Name     ; divFreqCont         ;
+-------------------+---------------------+


+---------------------------------------------------------------------------------------------------------------+
; Flow Non-Default Global Settings                                                                              ;
+-------------------------------------+------------------------------+---------------+-------------+------------+
; Assignment Name                     ; Value                        ; Default Value ; Entity Name ; Section Id ;
+-------------------------------------+------------------------------+---------------+-------------+------------+
; COMPILER_SIGNATURE_ID               ; 112731921335.152603943104128 ; --            ; --          ; --         ;
; MAX_CORE_JUNCTION_TEMP              ; 85                           ; --            ; --          ; --         ;
; MIN_CORE_JUNCTION_TEMP              ; 0                            ; --            ; --          ; --         ;
; PARTITION_COLOR                     ; 16764057                     ; --            ; Cronometro  ; Top        ;
; PARTITION_FITTER_PRESERVATION_LEVEL ; PLACEMENT_AND_ROUTING        ; --            ; Cronometro  ; Top        ;
; PARTITION_NETLIST_TYPE              ; SOURCE                       ; --            ; Cronometro  ; Top        ;
; PROJECT_OUTPUT_DIRECTORY            ; output_files                 ; --            ; --          ; --         ;
; TOP_LEVEL_ENTITY                    ; Cronometro                   ; divFreqCont   ; --          ; --         ;
+-------------------------------------+------------------------------+---------------+-------------+------------+


+-------------------------------------------------------------------------------------------------------------------------------+
; Flow Elapsed Time                                                                                                             ;
+---------------------------+--------------+-------------------------+---------------------+------------------------------------+
; Module Name               ; Elapsed Time ; Average Processors Used ; Peak Virtual Memory ; Total CPU Time (on all processors) ;
+---------------------------+--------------+-------------------------+---------------------+------------------------------------+
; Analysis & Synthesis      ; 00:00:03     ; 1.0                     ; 368 MB              ; 00:00:02                           ;
; Fitter                    ; 00:00:08     ; 1.0                     ; 439 MB              ; 00:00:04                           ;
; Assembler                 ; 00:00:02     ; 1.0                     ; 335 MB              ; 00:00:01                           ;
; TimeQuest Timing Analyzer ; 00:00:03     ; 1.0                     ; 337 MB              ; 00:00:01                           ;
; Total                     ; 00:00:16     ; --                      ; --                  ; 00:00:08                           ;
+---------------------------+--------------+-------------------------+---------------------+------------------------------------+


+----------------------------------------------------------------------------------------+
; Flow OS Summary                                                                        ;
+---------------------------+------------------+-----------+------------+----------------+
; Module Name               ; Machine Hostname ; OS Name   ; OS Version ; Processor type ;
+---------------------------+------------------+-----------+------------+----------------+
; Analysis & Synthesis      ; iotlab-HP        ; Windows 7 ; 6.1        ; x86_64         ;
; Fitter                    ; iotlab-HP        ; Windows 7 ; 6.1        ; x86_64         ;
; Assembler                 ; iotlab-HP        ; Windows 7 ; 6.1        ; x86_64         ;
; TimeQuest Timing Analyzer ; iotlab-HP        ; Windows 7 ; 6.1        ; x86_64         ;
+---------------------------+------------------+-----------+------------+----------------+


------------
; Flow Log ;
------------
quartus_map --read_settings_files=on --write_settings_files=off divFreqCont -c divFreqCont
quartus_fit --read_settings_files=off --write_settings_files=off divFreqCont -c divFreqCont
quartus_asm --read_settings_files=off --write_settings_files=off divFreqCont -c divFreqCont
quartus_sta divFreqCont -c divFreqCont



